<?xml version="1.0" encoding="UTF-8"?>
<testng-results ignored="0" total="1" passed="1" failed="0" skipped="0">
  <reporter-output>
  </reporter-output>
  <suite started-at="2022-05-26T23:56:13 IST" name="Surefire suite" finished-at="2022-05-26T23:56:13 IST" duration-ms="189">
    <groups>
    </groups>
    <test started-at="2022-05-26T23:56:13 IST" name="Surefire test" finished-at="2022-05-26T23:56:13 IST" duration-ms="189">
      <class name="Maven_testNG_JAVA_Automation.Automation.AppTest">
        <test-method signature="shouldAnswerWithTrue()" started-at="2022-05-26T23:56:13 IST" name="shouldAnswerWithTrue" finished-at="2022-05-26T23:56:13 IST" duration-ms="11" status="PASS">
          <reporter-output>
          </reporter-output>
        </test-method> <!-- shouldAnswerWithTrue -->
      </class> <!-- Maven_testNG_JAVA_Automation.Automation.AppTest -->
    </test> <!-- Surefire test -->
  </suite> <!-- Surefire suite -->
</testng-results>
